e:\new folder\nyp_framework_solution\debug\base.exe
e:\new folder\nyp_framework_solution\debug\base.pdb
e:\new folder\nyp_framework_solution\base\debug\vc140.pdb
e:\new folder\nyp_framework_solution\base\debug\vc140.idb
e:\new folder\nyp_framework_solution\base\debug\grid.obj
e:\new folder\nyp_framework_solution\base\debug\groundentity.obj
e:\new folder\nyp_framework_solution\base\debug\light.obj
e:\new folder\nyp_framework_solution\base\debug\main.obj
e:\new folder\nyp_framework_solution\base\debug\objmesh.obj
e:\new folder\nyp_framework_solution\base\debug\playerinfo.obj
e:\new folder\nyp_framework_solution\base\debug\laser.obj
e:\new folder\nyp_framework_solution\base\debug\projectile.obj
e:\new folder\nyp_framework_solution\base\debug\scenegraph.obj
e:\new folder\nyp_framework_solution\base\debug\scenenode.obj
e:\new folder\nyp_framework_solution\base\debug\transform.obj
e:\new folder\nyp_framework_solution\base\debug\updatetransformation.obj
e:\new folder\nyp_framework_solution\base\debug\scenetext.obj
e:\new folder\nyp_framework_solution\base\debug\skyboxentity.obj
e:\new folder\nyp_framework_solution\base\debug\spatialpartition.obj
e:\new folder\nyp_framework_solution\base\debug\spriteentity.obj
e:\new folder\nyp_framework_solution\base\debug\textentity.obj
e:\new folder\nyp_framework_solution\base\debug\laserblaster.obj
e:\new folder\nyp_framework_solution\base\debug\pistol.obj
e:\new folder\nyp_framework_solution\base\debug\weaponinfo.obj
e:\new folder\nyp_framework_solution\base\debug\application.obj
e:\new folder\nyp_framework_solution\base\debug\entitymanager.obj
e:\new folder\nyp_framework_solution\base\debug\fpscamera.obj
e:\new folder\nyp_framework_solution\base\debug\genericentity.obj
e:\new folder\nyp_framework_solution\base\debug\grenade.obj
e:\new folder\nyp_framework_solution\base\debug\grenadethrow.obj
e:\new folder\nyp_framework_solution\base\debug\levelofdetails.obj
e:\new folder\nyp_framework_solution\base\debug\enemy.obj
e:\new folder\nyp_framework_solution\base\debug\base.tlog\cl.command.1.tlog
e:\new folder\nyp_framework_solution\base\debug\base.tlog\link.command.1.tlog
e:\new folder\nyp_framework_solution\base\debug\base.tlog\cl.read.1.tlog
e:\new folder\nyp_framework_solution\base\debug\base.tlog\link.read.1.tlog
e:\new folder\nyp_framework_solution\base\debug\base.tlog\link.write.1.tlog
e:\new folder\nyp_framework_solution\base\debug\base.tlog\cl.write.1.tlog
