e:\new folder\nyp_framework_solution\debug\common.lib
e:\new folder\nyp_framework_solution\common\debug\common.pdb
e:\new folder\nyp_framework_solution\common\debug\common.idb
e:\new folder\nyp_framework_solution\common\debug\entitybase.obj
e:\new folder\nyp_framework_solution\common\debug\graphicsmanager.obj
e:\new folder\nyp_framework_solution\common\debug\keyboardcontroller.obj
e:\new folder\nyp_framework_solution\common\debug\lightbase.obj
e:\new folder\nyp_framework_solution\common\debug\loadobj.obj
e:\new folder\nyp_framework_solution\common\debug\loadtga.obj
e:\new folder\nyp_framework_solution\common\debug\mathutility.obj
e:\new folder\nyp_framework_solution\common\debug\matrixstack.obj
e:\new folder\nyp_framework_solution\common\debug\mesh.obj
e:\new folder\nyp_framework_solution\common\debug\meshbuilder.obj
e:\new folder\nyp_framework_solution\common\debug\mousecontroller.obj
e:\new folder\nyp_framework_solution\common\debug\mtx44.obj
e:\new folder\nyp_framework_solution\common\debug\renderhelper.obj
e:\new folder\nyp_framework_solution\common\debug\scenemanager.obj
e:\new folder\nyp_framework_solution\common\debug\shaderprogram.obj
e:\new folder\nyp_framework_solution\common\debug\timer.obj
e:\new folder\nyp_framework_solution\common\debug\utility.obj
e:\new folder\nyp_framework_solution\common\debug\vector2.obj
e:\new folder\nyp_framework_solution\common\debug\vector3.obj
e:\new folder\nyp_framework_solution\common\debug\win32input.obj
e:\new folder\nyp_framework_solution\common\debug\camerabase.obj
e:\new folder\nyp_framework_solution\common\debug\collider.obj
e:\new folder\nyp_framework_solution\debug\common.pdb
e:\new folder\nyp_framework_solution\common\debug\common.tlog\cl.command.1.tlog
e:\new folder\nyp_framework_solution\common\debug\common.tlog\lib.command.1.tlog
e:\new folder\nyp_framework_solution\common\debug\common.tlog\cl.read.1.tlog
e:\new folder\nyp_framework_solution\common\debug\common.tlog\lib-link.read.1.tlog
e:\new folder\nyp_framework_solution\common\debug\common.tlog\lib-link.write.1.tlog
e:\new folder\nyp_framework_solution\common\debug\common.tlog\cl.write.1.tlog
